<?xml version="1.0" encoding="UTF-8"?>
<!-- Generated by org.testng.reporters.JUnitReportReporter -->
<testsuite hostname="Diegos-MacBook-Pro.local" failures="0" tests="1" name="testcases.LoginTest" time="3.391" errors="0" timestamp="2020-10-05T15:26:17 BRT" skipped="0">
  <testcase classname="testcases.LoginTest" name="loginAsBankManager" time="3.391"/>
  <system-out/>
</testsuite> <!-- testcases.LoginTest -->
